<?xml version="1.0" encoding="UTF-8" ?>
<testsuite errors="1" failures="0" hostname="FigaGris.local" name="freakyleague.FLModelTest" skipped="0" tests="1" time="0.0" timestamp="2018-02-26T18:22:16">
  <properties>
[...]
</properties>
  <testcase classname="freakyleague.FLModelTest" name="testGeneralReport" time="0.001">
    <error message="Forked Java VM exited abnormally. Please note the time in the report does not reflect the time until the VM exit." type="junit.framework.AssertionFailedError">junit.framework.AssertionFailedError: Forked Java VM exited abnormally. Please note the time in the report does not reflect the time until the VM exit.
	at org.netbeans.core.execution.RunClassThread.run(RunClassThread.java:153)
</error>
  </testcase>
</testsuite>
